{"_message":"TreatmentRecord validation failed","errors":{"patient":{"kind":"required","message":"Path `patient` is required.","name":"ValidatorError","path":"patient","properties":{"message":"Path `patient` is required.","path":"patient","type":"required"}}},"level":"error","message":"TreatmentRecord validation failed: patient: Path `patient` is required. TreatmentRecord validation failed: patient: Path `patient` is required.","stack":"ValidationError: TreatmentRecord validation failed: patient: Path `patient` is required.\n    at model.Document.invalidate (C:\\Users\\Euan Kai\\Desktop\\FS Project 1\\Drems_node\\node_modules\\mongoose\\lib\\document.js:3087:32)\n    at C:\\Users\\Euan Kai\\Desktop\\FS Project 1\\Drems_node\\node_modules\\mongoose\\lib\\document.js:2880:17\n    at C:\\Users\\Euan Kai\\Desktop\\FS Project 1\\Drems_node\\node_modules\\mongoose\\lib\\schematype.js:1350:9\n    at processTicksAndRejections (node:internal/process/task_queues:78:11)"}
{"_message":"TreatmentRecord validation failed","errors":{"patient":{"kind":"required","message":"Path `patient` is required.","name":"ValidatorError","path":"patient","properties":{"message":"Path `patient` is required.","path":"patient","type":"required"}}},"level":"error","message":"TreatmentRecord validation failed: patient: Path `patient` is required. TreatmentRecord validation failed: patient: Path `patient` is required.","stack":"ValidationError: TreatmentRecord validation failed: patient: Path `patient` is required.\n    at model.Document.invalidate (C:\\Users\\Euan Kai\\Desktop\\FS Project 1\\Drems_node\\node_modules\\mongoose\\lib\\document.js:3087:32)\n    at C:\\Users\\Euan Kai\\Desktop\\FS Project 1\\Drems_node\\node_modules\\mongoose\\lib\\document.js:2880:17\n    at C:\\Users\\Euan Kai\\Desktop\\FS Project 1\\Drems_node\\node_modules\\mongoose\\lib\\schematype.js:1350:9\n    at processTicksAndRejections (node:internal/process/task_queues:78:11)"}
{"level":"info","message":"Listening on port 3000..."}
{"level":"info","message":"Connected to mongodb://localhost/Drems..."}
{"level":"info","message":"Listening on port 3000..."}
{"level":"info","message":"Connected to mongodb://localhost/Drems..."}
{"level":"info","message":"Listening on port 3000..."}
{"level":"info","message":"Connected to mongodb://localhost/Drems..."}
{"level":"info","message":"Listening on port 3000..."}
{"level":"info","message":"Connected to mongodb://localhost/Drems..."}
{"level":"info","message":"Listening on port 3000..."}
{"level":"info","message":"Connected to mongodb://localhost/Drems..."}
{"level":"info","message":"Listening on port 3000..."}
{"level":"info","message":"Connected to mongodb://localhost/Drems..."}
{"level":"info","message":"Listening on port 3000..."}
{"level":"info","message":"Connected to mongodb://localhost/Drems..."}
{"level":"info","message":"Listening on port 3000..."}
{"level":"info","message":"Connected to mongodb://localhost/Drems..."}
{"_message":"TreatmentRecord validation failed","errors":{"patient":{"kind":"required","message":"Path `patient` is required.","name":"ValidatorError","path":"patient","properties":{"message":"Path `patient` is required.","path":"patient","type":"required"}}},"level":"error","message":"TreatmentRecord validation failed: patient: Path `patient` is required. TreatmentRecord validation failed: patient: Path `patient` is required.","stack":"ValidationError: TreatmentRecord validation failed: patient: Path `patient` is required.\n    at model.Document.invalidate (C:\\Users\\Euan Kai\\Desktop\\FS Project 1\\Drems_node\\node_modules\\mongoose\\lib\\document.js:3087:32)\n    at C:\\Users\\Euan Kai\\Desktop\\FS Project 1\\Drems_node\\node_modules\\mongoose\\lib\\document.js:2880:17\n    at C:\\Users\\Euan Kai\\Desktop\\FS Project 1\\Drems_node\\node_modules\\mongoose\\lib\\schematype.js:1350:9\n    at processTicksAndRejections (node:internal/process/task_queues:78:11)"}
{"_message":"TreatmentRecord validation failed","errors":{"patient":{"kind":"required","message":"Path `patient` is required.","name":"ValidatorError","path":"patient","properties":{"message":"Path `patient` is required.","path":"patient","type":"required"}}},"level":"error","message":"TreatmentRecord validation failed: patient: Path `patient` is required. TreatmentRecord validation failed: patient: Path `patient` is required.","stack":"ValidationError: TreatmentRecord validation failed: patient: Path `patient` is required.\n    at model.Document.invalidate (C:\\Users\\Euan Kai\\Desktop\\FS Project 1\\Drems_node\\node_modules\\mongoose\\lib\\document.js:3087:32)\n    at C:\\Users\\Euan Kai\\Desktop\\FS Project 1\\Drems_node\\node_modules\\mongoose\\lib\\document.js:2880:17\n    at C:\\Users\\Euan Kai\\Desktop\\FS Project 1\\Drems_node\\node_modules\\mongoose\\lib\\schematype.js:1350:9\n    at processTicksAndRejections (node:internal/process/task_queues:78:11)"}
{"_message":"TreatmentRecord validation failed","errors":{"patient":{"kind":"required","message":"Path `patient` is required.","name":"ValidatorError","path":"patient","properties":{"message":"Path `patient` is required.","path":"patient","type":"required"}}},"level":"error","message":"TreatmentRecord validation failed: patient: Path `patient` is required. TreatmentRecord validation failed: patient: Path `patient` is required.","stack":"ValidationError: TreatmentRecord validation failed: patient: Path `patient` is required.\n    at model.Document.invalidate (C:\\Users\\Euan Kai\\Desktop\\FS Project 1\\Drems_node\\node_modules\\mongoose\\lib\\document.js:3087:32)\n    at C:\\Users\\Euan Kai\\Desktop\\FS Project 1\\Drems_node\\node_modules\\mongoose\\lib\\document.js:2880:17\n    at C:\\Users\\Euan Kai\\Desktop\\FS Project 1\\Drems_node\\node_modules\\mongoose\\lib\\schematype.js:1350:9\n    at processTicksAndRejections (node:internal/process/task_queues:78:11)"}
{"_message":"TreatmentRecord validation failed","errors":{"patient":{"kind":"required","message":"Path `patient` is required.","name":"ValidatorError","path":"patient","properties":{"message":"Path `patient` is required.","path":"patient","type":"required"}}},"level":"error","message":"TreatmentRecord validation failed: patient: Path `patient` is required. TreatmentRecord validation failed: patient: Path `patient` is required.","stack":"ValidationError: TreatmentRecord validation failed: patient: Path `patient` is required.\n    at model.Document.invalidate (C:\\Users\\Euan Kai\\Desktop\\FS Project 1\\Drems_node\\node_modules\\mongoose\\lib\\document.js:3087:32)\n    at C:\\Users\\Euan Kai\\Desktop\\FS Project 1\\Drems_node\\node_modules\\mongoose\\lib\\document.js:2880:17\n    at C:\\Users\\Euan Kai\\Desktop\\FS Project 1\\Drems_node\\node_modules\\mongoose\\lib\\schematype.js:1350:9\n    at processTicksAndRejections (node:internal/process/task_queues:78:11)"}
{"_message":"TreatmentRecord validation failed","errors":{"patient":{"kind":"required","message":"Path `patient` is required.","name":"ValidatorError","path":"patient","properties":{"message":"Path `patient` is required.","path":"patient","type":"required"}}},"level":"error","message":"TreatmentRecord validation failed: patient: Path `patient` is required. TreatmentRecord validation failed: patient: Path `patient` is required.","stack":"ValidationError: TreatmentRecord validation failed: patient: Path `patient` is required.\n    at model.Document.invalidate (C:\\Users\\Euan Kai\\Desktop\\FS Project 1\\Drems_node\\node_modules\\mongoose\\lib\\document.js:3087:32)\n    at C:\\Users\\Euan Kai\\Desktop\\FS Project 1\\Drems_node\\node_modules\\mongoose\\lib\\document.js:2880:17\n    at C:\\Users\\Euan Kai\\Desktop\\FS Project 1\\Drems_node\\node_modules\\mongoose\\lib\\schematype.js:1350:9\n    at processTicksAndRejections (node:internal/process/task_queues:78:11)"}
{"_message":"TreatmentRecord validation failed","errors":{"patient":{"kind":"required","message":"Path `patient` is required.","name":"ValidatorError","path":"patient","properties":{"message":"Path `patient` is required.","path":"patient","type":"required"}}},"level":"error","message":"TreatmentRecord validation failed: patient: Path `patient` is required. TreatmentRecord validation failed: patient: Path `patient` is required.","stack":"ValidationError: TreatmentRecord validation failed: patient: Path `patient` is required.\n    at model.Document.invalidate (C:\\Users\\Euan Kai\\Desktop\\FS Project 1\\Drems_node\\node_modules\\mongoose\\lib\\document.js:3087:32)\n    at C:\\Users\\Euan Kai\\Desktop\\FS Project 1\\Drems_node\\node_modules\\mongoose\\lib\\document.js:2880:17\n    at C:\\Users\\Euan Kai\\Desktop\\FS Project 1\\Drems_node\\node_modules\\mongoose\\lib\\schematype.js:1350:9\n    at processTicksAndRejections (node:internal/process/task_queues:78:11)"}
{"level":"info","message":"Listening on port 3000..."}
{"level":"info","message":"Connected to mongodb://localhost/Drems..."}
{"level":"error","message":"Treatmentrec.findByIdandUpdate is not a function Treatmentrec.findByIdandUpdate is not a function","stack":"TypeError: Treatmentrec.findByIdandUpdate is not a function\n    at C:\\Users\\Euan Kai\\Desktop\\FS Project 1\\Drems_node\\routes\\treatmentrecs.js:59:36\n    at newFn (C:\\Users\\Euan Kai\\Desktop\\FS Project 1\\Drems_node\\node_modules\\express-async-errors\\index.js:16:20)\n    at Layer.handle [as handle_request] (C:\\Users\\Euan Kai\\Desktop\\FS Project 1\\Drems_node\\node_modules\\express\\lib\\router\\layer.js:95:5)\n    at next (C:\\Users\\Euan Kai\\Desktop\\FS Project 1\\Drems_node\\node_modules\\express\\lib\\router\\route.js:144:13)\n    at auth (C:\\Users\\Euan Kai\\Desktop\\FS Project 1\\Drems_node\\middleware\\auth.js:11:5)\n    at newFn (C:\\Users\\Euan Kai\\Desktop\\FS Project 1\\Drems_node\\node_modules\\express-async-errors\\index.js:16:20)\n    at Layer.handle [as handle_request] (C:\\Users\\Euan Kai\\Desktop\\FS Project 1\\Drems_node\\node_modules\\express\\lib\\router\\layer.js:95:5)\n    at next (C:\\Users\\Euan Kai\\Desktop\\FS Project 1\\Drems_node\\node_modules\\express\\lib\\router\\route.js:144:13)\n    at Route.dispatch (C:\\Users\\Euan Kai\\Desktop\\FS Project 1\\Drems_node\\node_modules\\express\\lib\\router\\route.js:114:3)\n    at newFn (C:\\Users\\Euan Kai\\Desktop\\FS Project 1\\Drems_node\\node_modules\\express-async-errors\\index.js:16:20)"}
{"level":"info","message":"Listening on port 3000..."}
{"level":"info","message":"Connected to mongodb://localhost/Drems..."}
{"kind":"ObjectId","level":"error","message":"Cast to ObjectId failed for value \"undefined\" (type string) at path \"_id\" for model \"TreatmentRecord\" Cast to ObjectId failed for value \"undefined\" (type string) at path \"_id\" for model \"TreatmentRecord\"","path":"_id","reason":{},"stack":"CastError: Cast to ObjectId failed for value \"undefined\" (type string) at path \"_id\" for model \"TreatmentRecord\"\n    at ObjectId.cast (C:\\Users\\Euan Kai\\Desktop\\FS Project 1\\Drems_node\\node_modules\\mongoose\\lib\\schema\\objectid.js:248:11)\n    at ObjectId.SchemaType.applySetters (C:\\Users\\Euan Kai\\Desktop\\FS Project 1\\Drems_node\\node_modules\\mongoose\\lib\\schematype.js:1202:12)\n    at ObjectId.SchemaType.castForQuery (C:\\Users\\Euan Kai\\Desktop\\FS Project 1\\Drems_node\\node_modules\\mongoose\\lib\\schematype.js:1613:15)\n    at cast (C:\\Users\\Euan Kai\\Desktop\\FS Project 1\\Drems_node\\node_modules\\mongoose\\lib\\cast.js:348:32)\n    at model.Query.Query.cast (C:\\Users\\Euan Kai\\Desktop\\FS Project 1\\Drems_node\\node_modules\\mongoose\\lib\\query.js:4791:12)\n    at model.Query.Query._castConditions (C:\\Users\\Euan Kai\\Desktop\\FS Project 1\\Drems_node\\node_modules\\mongoose\\lib\\query.js:2177:10)\n    at model.Query._findOneAndUpdate (C:\\Users\\Euan Kai\\Desktop\\FS Project 1\\Drems_node\\node_modules\\mongoose\\lib\\query.js:3209:8)\n    at model.Query.exec (C:\\Users\\Euan Kai\\Desktop\\FS Project 1\\Drems_node\\node_modules\\mongoose\\lib\\query.js:4321:28)\n    at processTicksAndRejections (node:internal/process/task_queues:96:5)\n    at async C:\\Users\\Euan Kai\\Desktop\\FS Project 1\\Drems_node\\routes\\treatmentrecs.js:59:17","stringValue":"\"undefined\"","value":"undefined","valueType":"string"}
{"level":"info","message":"Listening on port 3000..."}
{"level":"info","message":"Connected to mongodb://localhost/Drems..."}
{"level":"error","message":"salary is not defined salary is not defined","stack":"ReferenceError: salary is not defined\n    at C:\\Users\\Euan Kai\\Desktop\\FS Project 1\\Drems_node\\routes\\treatmentrecs.js:68:12\n    at processTicksAndRejections (node:internal/process/task_queues:96:5)"}
{"level":"info","message":"Listening on port 3000..."}
{"level":"info","message":"Connected to mongodb://localhost/Drems..."}
{"kind":"ObjectId","level":"error","message":"Cast to ObjectId failed for value \"undefined\" (type string) at path \"_id\" for model \"TreatmentRecord\" Cast to ObjectId failed for value \"undefined\" (type string) at path \"_id\" for model \"TreatmentRecord\"","path":"_id","reason":{},"stack":"CastError: Cast to ObjectId failed for value \"undefined\" (type string) at path \"_id\" for model \"TreatmentRecord\"\n    at ObjectId.cast (C:\\Users\\Euan Kai\\Desktop\\FS Project 1\\Drems_node\\node_modules\\mongoose\\lib\\schema\\objectid.js:248:11)\n    at ObjectId.SchemaType.applySetters (C:\\Users\\Euan Kai\\Desktop\\FS Project 1\\Drems_node\\node_modules\\mongoose\\lib\\schematype.js:1202:12)\n    at ObjectId.SchemaType.castForQuery (C:\\Users\\Euan Kai\\Desktop\\FS Project 1\\Drems_node\\node_modules\\mongoose\\lib\\schematype.js:1613:15)\n    at cast (C:\\Users\\Euan Kai\\Desktop\\FS Project 1\\Drems_node\\node_modules\\mongoose\\lib\\cast.js:348:32)\n    at model.Query.Query.cast (C:\\Users\\Euan Kai\\Desktop\\FS Project 1\\Drems_node\\node_modules\\mongoose\\lib\\query.js:4791:12)\n    at model.Query.Query._castConditions (C:\\Users\\Euan Kai\\Desktop\\FS Project 1\\Drems_node\\node_modules\\mongoose\\lib\\query.js:2177:10)\n    at model.Query._findOneAndUpdate (C:\\Users\\Euan Kai\\Desktop\\FS Project 1\\Drems_node\\node_modules\\mongoose\\lib\\query.js:3209:8)\n    at model.Query.exec (C:\\Users\\Euan Kai\\Desktop\\FS Project 1\\Drems_node\\node_modules\\mongoose\\lib\\query.js:4321:28)\n    at processTicksAndRejections (node:internal/process/task_queues:96:5)\n    at async C:\\Users\\Euan Kai\\Desktop\\FS Project 1\\Drems_node\\routes\\treatmentrecs.js:59:17","stringValue":"\"undefined\"","value":"undefined","valueType":"string"}
{"kind":"ObjectId","level":"error","message":"Cast to ObjectId failed for value \"undefined\" (type string) at path \"_id\" for model \"TreatmentRecord\" Cast to ObjectId failed for value \"undefined\" (type string) at path \"_id\" for model \"TreatmentRecord\"","path":"_id","reason":{},"stack":"CastError: Cast to ObjectId failed for value \"undefined\" (type string) at path \"_id\" for model \"TreatmentRecord\"\n    at ObjectId.cast (C:\\Users\\Euan Kai\\Desktop\\FS Project 1\\Drems_node\\node_modules\\mongoose\\lib\\schema\\objectid.js:248:11)\n    at ObjectId.SchemaType.applySetters (C:\\Users\\Euan Kai\\Desktop\\FS Project 1\\Drems_node\\node_modules\\mongoose\\lib\\schematype.js:1202:12)\n    at ObjectId.SchemaType.castForQuery (C:\\Users\\Euan Kai\\Desktop\\FS Project 1\\Drems_node\\node_modules\\mongoose\\lib\\schematype.js:1613:15)\n    at cast (C:\\Users\\Euan Kai\\Desktop\\FS Project 1\\Drems_node\\node_modules\\mongoose\\lib\\cast.js:348:32)\n    at model.Query.Query.cast (C:\\Users\\Euan Kai\\Desktop\\FS Project 1\\Drems_node\\node_modules\\mongoose\\lib\\query.js:4791:12)\n    at model.Query.Query._castConditions (C:\\Users\\Euan Kai\\Desktop\\FS Project 1\\Drems_node\\node_modules\\mongoose\\lib\\query.js:2177:10)\n    at model.Query._findOneAndUpdate (C:\\Users\\Euan Kai\\Desktop\\FS Project 1\\Drems_node\\node_modules\\mongoose\\lib\\query.js:3209:8)\n    at model.Query.exec (C:\\Users\\Euan Kai\\Desktop\\FS Project 1\\Drems_node\\node_modules\\mongoose\\lib\\query.js:4321:28)\n    at processTicksAndRejections (node:internal/process/task_queues:96:5)\n    at async C:\\Users\\Euan Kai\\Desktop\\FS Project 1\\Drems_node\\routes\\treatmentrecs.js:59:17","stringValue":"\"undefined\"","value":"undefined","valueType":"string"}
{"kind":"ObjectId","level":"error","message":"Cast to ObjectId failed for value \"undefined\" (type string) at path \"_id\" for model \"TreatmentRecord\" Cast to ObjectId failed for value \"undefined\" (type string) at path \"_id\" for model \"TreatmentRecord\"","path":"_id","reason":{},"stack":"CastError: Cast to ObjectId failed for value \"undefined\" (type string) at path \"_id\" for model \"TreatmentRecord\"\n    at ObjectId.cast (C:\\Users\\Euan Kai\\Desktop\\FS Project 1\\Drems_node\\node_modules\\mongoose\\lib\\schema\\objectid.js:248:11)\n    at ObjectId.SchemaType.applySetters (C:\\Users\\Euan Kai\\Desktop\\FS Project 1\\Drems_node\\node_modules\\mongoose\\lib\\schematype.js:1202:12)\n    at ObjectId.SchemaType.castForQuery (C:\\Users\\Euan Kai\\Desktop\\FS Project 1\\Drems_node\\node_modules\\mongoose\\lib\\schematype.js:1613:15)\n    at cast (C:\\Users\\Euan Kai\\Desktop\\FS Project 1\\Drems_node\\node_modules\\mongoose\\lib\\cast.js:348:32)\n    at model.Query.Query.cast (C:\\Users\\Euan Kai\\Desktop\\FS Project 1\\Drems_node\\node_modules\\mongoose\\lib\\query.js:4791:12)\n    at model.Query.Query._castConditions (C:\\Users\\Euan Kai\\Desktop\\FS Project 1\\Drems_node\\node_modules\\mongoose\\lib\\query.js:2177:10)\n    at model.Query._findOneAndUpdate (C:\\Users\\Euan Kai\\Desktop\\FS Project 1\\Drems_node\\node_modules\\mongoose\\lib\\query.js:3209:8)\n    at model.Query.exec (C:\\Users\\Euan Kai\\Desktop\\FS Project 1\\Drems_node\\node_modules\\mongoose\\lib\\query.js:4321:28)\n    at processTicksAndRejections (node:internal/process/task_queues:96:5)\n    at async C:\\Users\\Euan Kai\\Desktop\\FS Project 1\\Drems_node\\routes\\treatmentrecs.js:59:17","stringValue":"\"undefined\"","value":"undefined","valueType":"string"}
{"level":"error","message":"salary is not defined salary is not defined","stack":"ReferenceError: salary is not defined\n    at C:\\Users\\Euan Kai\\Desktop\\FS Project 1\\Drems_node\\routes\\treatmentrecs.js:68:12\n    at processTicksAndRejections (node:internal/process/task_queues:96:5)"}
{"level":"error","message":"salary is not defined salary is not defined","stack":"ReferenceError: salary is not defined\n    at C:\\Users\\Euan Kai\\Desktop\\FS Project 1\\Drems_node\\routes\\treatmentrecs.js:68:12\n    at processTicksAndRejections (node:internal/process/task_queues:96:5)"}
{"level":"error","message":"salary is not defined salary is not defined","stack":"ReferenceError: salary is not defined\n    at C:\\Users\\Euan Kai\\Desktop\\FS Project 1\\Drems_node\\routes\\treatmentrecs.js:68:12\n    at runMicrotasks (<anonymous>)\n    at processTicksAndRejections (node:internal/process/task_queues:96:5)"}
{"level":"info","message":"Listening on port 3000..."}
{"level":"info","message":"Connected to mongodb://localhost/Drems..."}
{"kind":"ObjectId","level":"error","message":"Cast to ObjectId failed for value \"undefined\" (type string) at path \"_id\" for model \"TreatmentRecord\" Cast to ObjectId failed for value \"undefined\" (type string) at path \"_id\" for model \"TreatmentRecord\"","path":"_id","reason":{},"stack":"CastError: Cast to ObjectId failed for value \"undefined\" (type string) at path \"_id\" for model \"TreatmentRecord\"\n    at ObjectId.cast (C:\\Users\\Euan Kai\\Desktop\\FS Project 1\\Drems_node\\node_modules\\mongoose\\lib\\schema\\objectid.js:248:11)\n    at ObjectId.SchemaType.applySetters (C:\\Users\\Euan Kai\\Desktop\\FS Project 1\\Drems_node\\node_modules\\mongoose\\lib\\schematype.js:1202:12)\n    at ObjectId.SchemaType.castForQuery (C:\\Users\\Euan Kai\\Desktop\\FS Project 1\\Drems_node\\node_modules\\mongoose\\lib\\schematype.js:1613:15)\n    at cast (C:\\Users\\Euan Kai\\Desktop\\FS Project 1\\Drems_node\\node_modules\\mongoose\\lib\\cast.js:348:32)\n    at model.Query.Query.cast (C:\\Users\\Euan Kai\\Desktop\\FS Project 1\\Drems_node\\node_modules\\mongoose\\lib\\query.js:4791:12)\n    at model.Query.Query._castConditions (C:\\Users\\Euan Kai\\Desktop\\FS Project 1\\Drems_node\\node_modules\\mongoose\\lib\\query.js:2177:10)\n    at model.Query._findOneAndUpdate (C:\\Users\\Euan Kai\\Desktop\\FS Project 1\\Drems_node\\node_modules\\mongoose\\lib\\query.js:3209:8)\n    at model.Query.exec (C:\\Users\\Euan Kai\\Desktop\\FS Project 1\\Drems_node\\node_modules\\mongoose\\lib\\query.js:4321:28)\n    at processTicksAndRejections (node:internal/process/task_queues:96:5)\n    at async C:\\Users\\Euan Kai\\Desktop\\FS Project 1\\Drems_node\\routes\\treatmentrecs.js:59:17","stringValue":"\"undefined\"","value":"undefined","valueType":"string"}
{"kind":"ObjectId","level":"error","message":"Cast to ObjectId failed for value \"undefined\" (type string) at path \"_id\" for model \"TreatmentRecord\" Cast to ObjectId failed for value \"undefined\" (type string) at path \"_id\" for model \"TreatmentRecord\"","path":"_id","reason":{},"stack":"CastError: Cast to ObjectId failed for value \"undefined\" (type string) at path \"_id\" for model \"TreatmentRecord\"\n    at ObjectId.cast (C:\\Users\\Euan Kai\\Desktop\\FS Project 1\\Drems_node\\node_modules\\mongoose\\lib\\schema\\objectid.js:248:11)\n    at ObjectId.SchemaType.applySetters (C:\\Users\\Euan Kai\\Desktop\\FS Project 1\\Drems_node\\node_modules\\mongoose\\lib\\schematype.js:1202:12)\n    at ObjectId.SchemaType.castForQuery (C:\\Users\\Euan Kai\\Desktop\\FS Project 1\\Drems_node\\node_modules\\mongoose\\lib\\schematype.js:1613:15)\n    at cast (C:\\Users\\Euan Kai\\Desktop\\FS Project 1\\Drems_node\\node_modules\\mongoose\\lib\\cast.js:348:32)\n    at model.Query.Query.cast (C:\\Users\\Euan Kai\\Desktop\\FS Project 1\\Drems_node\\node_modules\\mongoose\\lib\\query.js:4791:12)\n    at model.Query.Query._castConditions (C:\\Users\\Euan Kai\\Desktop\\FS Project 1\\Drems_node\\node_modules\\mongoose\\lib\\query.js:2177:10)\n    at model.Query._findOneAndUpdate (C:\\Users\\Euan Kai\\Desktop\\FS Project 1\\Drems_node\\node_modules\\mongoose\\lib\\query.js:3209:8)\n    at model.Query.exec (C:\\Users\\Euan Kai\\Desktop\\FS Project 1\\Drems_node\\node_modules\\mongoose\\lib\\query.js:4321:28)\n    at processTicksAndRejections (node:internal/process/task_queues:96:5)\n    at async C:\\Users\\Euan Kai\\Desktop\\FS Project 1\\Drems_node\\routes\\treatmentrecs.js:59:17","stringValue":"\"undefined\"","value":"undefined","valueType":"string"}
{"level":"info","message":"Listening on port 3000..."}
{"level":"info","message":"Connected to mongodb://localhost/Drems..."}
{"level":"info","message":"Listening on port 3000..."}
{"level":"info","message":"Connected to mongodb://localhost/Drems..."}
{"level":"info","message":"Listening on port 3000..."}
{"level":"info","message":"Connected to mongodb://localhost/Drems..."}
{"level":"info","message":"Listening on port 3000..."}
{"level":"info","message":"Connected to mongodb://localhost/Drems..."}
{"level":"info","message":"Listening on port 3000..."}
{"level":"info","message":"Connected to mongodb://localhost/Drems..."}
{"level":"info","message":"Listening on port 3000..."}
{"level":"info","message":"Connected to mongodb://localhost/Drems..."}
{"level":"info","message":"Listening on port 3000..."}
{"level":"info","message":"Connected to mongodb://localhost/Drems..."}
{"level":"info","message":"Listening on port 3000..."}
{"level":"info","message":"Connected to mongodb://localhost/Drems..."}
{"level":"info","message":"Listening on port 3000..."}
{"level":"info","message":"Connected to mongodb://localhost/Drems..."}
{"level":"info","message":"Listening on port 3000..."}
{"level":"info","message":"Connected to mongodb://localhost/Drems..."}
{"level":"info","message":"Listening on port 3000..."}
{"level":"info","message":"Connected to mongodb://localhost/Drems..."}
{"level":"error","message":"Cannot populate path `procedure` because it is not in your schema. Set the `strictPopulate` option to false to override. Cannot populate path `procedure` because it is not in your schema. Set the `strictPopulate` option to false to override.","path":"procedure","stack":"StrictPopulateError: Cannot populate path `procedure` because it is not in your schema. Set the `strictPopulate` option to false to override.\n    at getModelsMapForPopulate (C:\\Users\\Euan Kai\\Desktop\\FS Project 1\\Drems_node\\node_modules\\mongoose\\lib\\helpers\\populate\\getModelsMapForPopulate.js:49:12)\n    at populate (C:\\Users\\Euan Kai\\Desktop\\FS Project 1\\Drems_node\\node_modules\\mongoose\\lib\\model.js:4126:21)\n    at _populate (C:\\Users\\Euan Kai\\Desktop\\FS Project 1\\Drems_node\\node_modules\\mongoose\\lib\\model.js:4086:5)\n    at C:\\Users\\Euan Kai\\Desktop\\FS Project 1\\Drems_node\\node_modules\\mongoose\\lib\\model.js:4058:5\n    at new Promise (<anonymous>)\n    at Function.populate (C:\\Users\\Euan Kai\\Desktop\\FS Project 1\\Drems_node\\node_modules\\mongoose\\lib\\model.js:4057:10)\n    at model.Query._find (C:\\Users\\Euan Kai\\Desktop\\FS Project 1\\Drems_node\\node_modules\\mongoose\\lib\\query.js:2262:20)\n    at processTicksAndRejections (node:internal/process/task_queues:96:5)\n    at async model.Query.exec (C:\\Users\\Euan Kai\\Desktop\\FS Project 1\\Drems_node\\node_modules\\mongoose\\lib\\query.js:4321:11)\n    at async C:\\Users\\Euan Kai\\Desktop\\FS Project 1\\Drems_node\\routes\\payments.js:21:22"}
{"level":"error","message":"Cannot populate path `procedure` because it is not in your schema. Set the `strictPopulate` option to false to override. Cannot populate path `procedure` because it is not in your schema. Set the `strictPopulate` option to false to override.","path":"procedure","stack":"StrictPopulateError: Cannot populate path `procedure` because it is not in your schema. Set the `strictPopulate` option to false to override.\n    at getModelsMapForPopulate (C:\\Users\\Euan Kai\\Desktop\\FS Project 1\\Drems_node\\node_modules\\mongoose\\lib\\helpers\\populate\\getModelsMapForPopulate.js:49:12)\n    at populate (C:\\Users\\Euan Kai\\Desktop\\FS Project 1\\Drems_node\\node_modules\\mongoose\\lib\\model.js:4126:21)\n    at _populate (C:\\Users\\Euan Kai\\Desktop\\FS Project 1\\Drems_node\\node_modules\\mongoose\\lib\\model.js:4086:5)\n    at C:\\Users\\Euan Kai\\Desktop\\FS Project 1\\Drems_node\\node_modules\\mongoose\\lib\\model.js:4058:5\n    at new Promise (<anonymous>)\n    at Function.populate (C:\\Users\\Euan Kai\\Desktop\\FS Project 1\\Drems_node\\node_modules\\mongoose\\lib\\model.js:4057:10)\n    at model.Query._find (C:\\Users\\Euan Kai\\Desktop\\FS Project 1\\Drems_node\\node_modules\\mongoose\\lib\\query.js:2262:20)\n    at processTicksAndRejections (node:internal/process/task_queues:96:5)\n    at async model.Query.exec (C:\\Users\\Euan Kai\\Desktop\\FS Project 1\\Drems_node\\node_modules\\mongoose\\lib\\query.js:4321:11)\n    at async C:\\Users\\Euan Kai\\Desktop\\FS Project 1\\Drems_node\\routes\\payments.js:21:22"}
{"level":"info","message":"Listening on port 3000..."}
{"level":"info","message":"Connected to mongodb://localhost/Drems..."}
{"level":"info","message":"Listening on port 3000..."}
{"level":"info","message":"Connected to mongodb://localhost/Drems..."}
{"level":"info","message":"Listening on port 3000..."}
{"level":"info","message":"Connected to mongodb://localhost/Drems..."}
{"level":"info","message":"Listening on port 3000..."}
{"level":"info","message":"Connected to mongodb://localhost/Drems..."}
{"level":"info","message":"Listening on port 3000..."}
{"level":"info","message":"Connected to mongodb://localhost/Drems..."}
{"level":"error","message":"Cannot read properties of undefined (reading '_id') Cannot read properties of undefined (reading '_id')","stack":"TypeError: Cannot read properties of undefined (reading '_id')\n    at C:\\Users\\Euan Kai\\Desktop\\FS Project 1\\Drems_node\\routes\\payments.js:26:73\n    at processTicksAndRejections (node:internal/process/task_queues:96:5)"}
{"level":"error","message":"Cannot read properties of undefined (reading '_id') Cannot read properties of undefined (reading '_id')","stack":"TypeError: Cannot read properties of undefined (reading '_id')\n    at C:\\Users\\Euan Kai\\Desktop\\FS Project 1\\Drems_node\\routes\\payments.js:26:73\n    at processTicksAndRejections (node:internal/process/task_queues:96:5)"}
{"level":"info","message":"Listening on port 3000..."}
{"level":"info","message":"Connected to mongodb://localhost/Drems..."}
{"level":"error","message":"Cannot read properties of undefined (reading '_id') Cannot read properties of undefined (reading '_id')","stack":"TypeError: Cannot read properties of undefined (reading '_id')\n    at C:\\Users\\Euan Kai\\Desktop\\FS Project 1\\Drems_node\\routes\\payments.js:28:73\n    at processTicksAndRejections (node:internal/process/task_queues:96:5)"}
{"level":"error","message":"Cannot read properties of undefined (reading '_id') Cannot read properties of undefined (reading '_id')","stack":"TypeError: Cannot read properties of undefined (reading '_id')\n    at C:\\Users\\Euan Kai\\Desktop\\FS Project 1\\Drems_node\\routes\\payments.js:28:73\n    at processTicksAndRejections (node:internal/process/task_queues:96:5)"}
{"level":"error","message":"Cannot read properties of undefined (reading '_id') Cannot read properties of undefined (reading '_id')","stack":"TypeError: Cannot read properties of undefined (reading '_id')\n    at C:\\Users\\Euan Kai\\Desktop\\FS Project 1\\Drems_node\\routes\\payments.js:28:73\n    at processTicksAndRejections (node:internal/process/task_queues:96:5)"}
{"level":"info","message":"Listening on port 3000..."}
{"level":"info","message":"Connected to mongodb://localhost/Drems..."}
{"level":"info","message":"Listening on port 3000..."}
{"level":"info","message":"Connected to mongodb://localhost/Drems..."}
{"level":"info","message":"Listening on port 3000..."}
{"level":"info","message":"Connected to mongodb://localhost/Drems..."}
{"level":"info","message":"Listening on port 3000..."}
{"level":"info","message":"Connected to mongodb://localhost/Drems..."}
{"level":"info","message":"Listening on port 3000..."}
{"level":"info","message":"Connected to mongodb://localhost/Drems..."}
{"level":"info","message":"Listening on port 3000..."}
{"level":"info","message":"Connected to mongodb://localhost/Drems..."}
{"level":"info","message":"Listening on port 3000..."}
{"level":"info","message":"Connected to mongodb://localhost/Drems..."}
{"level":"info","message":"Listening on port 3000..."}
{"level":"info","message":"Connected to mongodb://localhost/Drems..."}
{"level":"info","message":"Listening on port 3000..."}
{"level":"info","message":"Connected to mongodb://localhost/Drems..."}
{"level":"info","message":"Listening on port 3000..."}
{"level":"info","message":"Connected to mongodb://localhost/Drems..."}
{"level":"info","message":"Listening on port 3000..."}
{"level":"info","message":"Connected to mongodb://localhost/Drems..."}
{"level":"info","message":"Listening on port 3000..."}
{"level":"info","message":"Connected to mongodb://localhost/Drems..."}
{"level":"error","message":"PxPhoto is not defined PxPhoto is not defined","stack":"ReferenceError: PxPhoto is not defined\n    at C:\\Users\\Euan Kai\\Desktop\\FS Project 1\\Drems_node\\routes\\pxphotos.js:46:19\n    at newFn (C:\\Users\\Euan Kai\\Desktop\\FS Project 1\\Drems_node\\node_modules\\express-async-errors\\index.js:16:20)\n    at Layer.handle [as handle_request] (C:\\Users\\Euan Kai\\Desktop\\FS Project 1\\Drems_node\\node_modules\\express\\lib\\router\\layer.js:95:5)\n    at next (C:\\Users\\Euan Kai\\Desktop\\FS Project 1\\Drems_node\\node_modules\\express\\lib\\router\\route.js:144:13)\n    at auth (C:\\Users\\Euan Kai\\Desktop\\FS Project 1\\Drems_node\\middleware\\auth.js:11:5)\n    at newFn (C:\\Users\\Euan Kai\\Desktop\\FS Project 1\\Drems_node\\node_modules\\express-async-errors\\index.js:16:20)\n    at Layer.handle [as handle_request] (C:\\Users\\Euan Kai\\Desktop\\FS Project 1\\Drems_node\\node_modules\\express\\lib\\router\\layer.js:95:5)\n    at next (C:\\Users\\Euan Kai\\Desktop\\FS Project 1\\Drems_node\\node_modules\\express\\lib\\router\\route.js:144:13)\n    at Route.dispatch (C:\\Users\\Euan Kai\\Desktop\\FS Project 1\\Drems_node\\node_modules\\express\\lib\\router\\route.js:114:3)\n    at newFn (C:\\Users\\Euan Kai\\Desktop\\FS Project 1\\Drems_node\\node_modules\\express-async-errors\\index.js:16:20)"}
{"level":"info","message":"Listening on port 3000..."}
{"level":"info","message":"Connected to mongodb://localhost/Drems..."}
{"level":"error","message":"PxPhoto is not defined PxPhoto is not defined","stack":"ReferenceError: PxPhoto is not defined\n    at C:\\Users\\Euan Kai\\Desktop\\FS Project 1\\Drems_node\\routes\\pxphotos.js:46:19\n    at newFn (C:\\Users\\Euan Kai\\Desktop\\FS Project 1\\Drems_node\\node_modules\\express-async-errors\\index.js:16:20)\n    at Layer.handle [as handle_request] (C:\\Users\\Euan Kai\\Desktop\\FS Project 1\\Drems_node\\node_modules\\express\\lib\\router\\layer.js:95:5)\n    at next (C:\\Users\\Euan Kai\\Desktop\\FS Project 1\\Drems_node\\node_modules\\express\\lib\\router\\route.js:144:13)\n    at auth (C:\\Users\\Euan Kai\\Desktop\\FS Project 1\\Drems_node\\middleware\\auth.js:11:5)\n    at newFn (C:\\Users\\Euan Kai\\Desktop\\FS Project 1\\Drems_node\\node_modules\\express-async-errors\\index.js:16:20)\n    at Layer.handle [as handle_request] (C:\\Users\\Euan Kai\\Desktop\\FS Project 1\\Drems_node\\node_modules\\express\\lib\\router\\layer.js:95:5)\n    at next (C:\\Users\\Euan Kai\\Desktop\\FS Project 1\\Drems_node\\node_modules\\express\\lib\\router\\route.js:144:13)\n    at Route.dispatch (C:\\Users\\Euan Kai\\Desktop\\FS Project 1\\Drems_node\\node_modules\\express\\lib\\router\\route.js:114:3)\n    at newFn (C:\\Users\\Euan Kai\\Desktop\\FS Project 1\\Drems_node\\node_modules\\express-async-errors\\index.js:16:20)"}
{"level":"info","message":"Listening on port 3000..."}
{"level":"info","message":"Connected to mongodb://localhost/Drems..."}
{"level":"error","message":"appointment is not defined appointment is not defined","stack":"ReferenceError: appointment is not defined\n    at C:\\Users\\Euan Kai\\Desktop\\FS Project 1\\Drems_node\\routes\\pxphotos.js:52:12\n    at processTicksAndRejections (node:internal/process/task_queues:96:5)"}
{"level":"info","message":"Listening on port 3000..."}
{"level":"info","message":"Connected to mongodb://localhost/Drems..."}
{"level":"error","message":"FATAL ERROR: jwtPrivateKey not Defined FATAL ERROR: jwtPrivateKey not Defined","stack":"Error: FATAL ERROR: jwtPrivateKey not Defined\n    at module.exports (C:\\Users\\Euan Kai\\Desktop\\FS Project 1\\Drems_node\\start\\config.js:6:15)\n    at Object.<anonymous> (C:\\Users\\Euan Kai\\Desktop\\FS Project 1\\Drems_node\\index.js:11:26)\n    at Module._compile (node:internal/modules/cjs/loader:1105:14)\n    at Object.Module._extensions..js (node:internal/modules/cjs/loader:1159:10)\n    at Module.load (node:internal/modules/cjs/loader:981:32)\n    at Function.Module._load (node:internal/modules/cjs/loader:822:12)\n    at Function.executeUserEntryPoint [as runMain] (node:internal/modules/run_main:77:12)\n    at node:internal/main/run_main_module:17:47"}
{"level":"info","message":"Connected to mongodb://localhost/Drems..."}
{"level":"info","message":"Listening on port 3000..."}
{"level":"info","message":"Connected to mongodb://localhost/Drems..."}
{"level":"info","message":"Listening on port 3000..."}
{"level":"info","message":"Connected to mongodb://localhost/Drems..."}
{"_message":"Pxphotos validation failed","errors":{"caption":{"kind":"minlength","message":"Path `caption` (`Hi`) is shorter than the minimum allowed length (3).","name":"ValidatorError","path":"caption","properties":{"message":"Path `caption` (`Hi`) is shorter than the minimum allowed length (3).","minlength":3,"path":"caption","type":"minlength","value":"Hi"},"value":"Hi"}},"level":"error","message":"Pxphotos validation failed: caption: Path `caption` (`Hi`) is shorter than the minimum allowed length (3). Pxphotos validation failed: caption: Path `caption` (`Hi`) is shorter than the minimum allowed length (3).","stack":"ValidationError: Pxphotos validation failed: caption: Path `caption` (`Hi`) is shorter than the minimum allowed length (3).\n    at model.Document.invalidate (C:\\Users\\Euan Kai\\Desktop\\FS Project 1\\Drems_node\\node_modules\\mongoose\\lib\\document.js:3087:32)\n    at C:\\Users\\Euan Kai\\Desktop\\FS Project 1\\Drems_node\\node_modules\\mongoose\\lib\\document.js:2880:17\n    at C:\\Users\\Euan Kai\\Desktop\\FS Project 1\\Drems_node\\node_modules\\mongoose\\lib\\schematype.js:1350:9\n    at processTicksAndRejections (node:internal/process/task_queues:78:11)"}
{"_message":"Pxphotos validation failed","errors":{"caption":{"kind":"minlength","message":"Path `caption` (`Hi`) is shorter than the minimum allowed length (3).","name":"ValidatorError","path":"caption","properties":{"message":"Path `caption` (`Hi`) is shorter than the minimum allowed length (3).","minlength":3,"path":"caption","type":"minlength","value":"Hi"},"value":"Hi"}},"level":"error","message":"Pxphotos validation failed: caption: Path `caption` (`Hi`) is shorter than the minimum allowed length (3). Pxphotos validation failed: caption: Path `caption` (`Hi`) is shorter than the minimum allowed length (3).","stack":"ValidationError: Pxphotos validation failed: caption: Path `caption` (`Hi`) is shorter than the minimum allowed length (3).\n    at model.Document.invalidate (C:\\Users\\Euan Kai\\Desktop\\FS Project 1\\Drems_node\\node_modules\\mongoose\\lib\\document.js:3087:32)\n    at C:\\Users\\Euan Kai\\Desktop\\FS Project 1\\Drems_node\\node_modules\\mongoose\\lib\\document.js:2880:17\n    at C:\\Users\\Euan Kai\\Desktop\\FS Project 1\\Drems_node\\node_modules\\mongoose\\lib\\schematype.js:1350:9\n    at processTicksAndRejections (node:internal/process/task_queues:78:11)"}
{"level":"info","message":"Listening on port 3000..."}
{"level":"info","message":"Connected to mongodb://localhost/Drems..."}
{"level":"info","message":"Listening on port 3000..."}
{"level":"info","message":"Connected to mongodb://localhost/Drems..."}
{"level":"info","message":"Listening on port 3000..."}
{"level":"info","message":"Connected to mongodb://localhost/Drems..."}
{"level":"info","message":"Listening on port 3000..."}
{"level":"info","message":"Connected to mongodb://localhost/Drems..."}
{"level":"info","message":"Listening on port 3000..."}
{"level":"info","message":"Connected to mongodb://localhost/Drems..."}
{"level":"info","message":"Listening on port 3000..."}
{"level":"info","message":"Connected to mongodb://localhost/Drems..."}
{"_message":"Associate validation failed","errors":{"dentist":{"kind":"required","message":"Path `dentist` is required.","name":"ValidatorError","path":"dentist","properties":{"message":"Path `dentist` is required.","path":"dentist","type":"required"}}},"level":"error","message":"Associate validation failed: dentist: Path `dentist` is required. Associate validation failed: dentist: Path `dentist` is required.","stack":"ValidationError: Associate validation failed: dentist: Path `dentist` is required.\n    at model.Document.invalidate (C:\\Users\\Euan Kai\\Desktop\\FS Project 1\\Drems_node\\node_modules\\mongoose\\lib\\document.js:3087:32)\n    at C:\\Users\\Euan Kai\\Desktop\\FS Project 1\\Drems_node\\node_modules\\mongoose\\lib\\document.js:2880:17\n    at C:\\Users\\Euan Kai\\Desktop\\FS Project 1\\Drems_node\\node_modules\\mongoose\\lib\\schematype.js:1350:9\n    at processTicksAndRejections (node:internal/process/task_queues:78:11)"}
{"level":"info","message":"Listening on port 3000..."}
{"level":"info","message":"Connected to mongodb://localhost/Drems..."}
{"level":"info","message":"Listening on port 3000..."}
{"level":"info","message":"Connected to mongodb://localhost/Drems..."}
{"level":"info","message":"Listening on port 3000..."}
{"level":"info","message":"Connected to mongodb://localhost/Drems..."}
{"level":"info","message":"Listening on port 3000..."}
{"level":"info","message":"Connected to mongodb://localhost/Drems..."}
{"level":"info","message":"Listening on port 3000..."}
{"level":"info","message":"Connected to mongodb://localhost/Drems..."}
{"_message":"Payment validation failed","errors":{"company":{"kind":"ObjectId","message":"Cast to ObjectId failed for value \"\" (type string) at path \"company\" because of \"BSONError\"","name":"CastError","path":"company","reason":{},"stringValue":"\"\"","value":"","valueType":"string"}},"level":"error","message":"Payment validation failed: company: Cast to ObjectId failed for value \"\" (type string) at path \"company\" because of \"BSONError\" Payment validation failed: company: Cast to ObjectId failed for value \"\" (type string) at path \"company\" because of \"BSONError\"","stack":"ValidationError: Payment validation failed: company: Cast to ObjectId failed for value \"\" (type string) at path \"company\" because of \"BSONError\"\n    at model.Document.invalidate (C:\\Users\\Euan Kai\\Desktop\\FS Project 1\\Drems_node\\node_modules\\mongoose\\lib\\document.js:3087:32)\n    at model.$set (C:\\Users\\Euan Kai\\Desktop\\FS Project 1\\Drems_node\\node_modules\\mongoose\\lib\\document.js:1428:12)\n    at model.$set (C:\\Users\\Euan Kai\\Desktop\\FS Project 1\\Drems_node\\node_modules\\mongoose\\lib\\document.js:1111:16)\n    at model.Document (C:\\Users\\Euan Kai\\Desktop\\FS Project 1\\Drems_node\\node_modules\\mongoose\\lib\\document.js:164:12)\n    at model.Model (C:\\Users\\Euan Kai\\Desktop\\FS Project 1\\Drems_node\\node_modules\\mongoose\\lib\\model.js:121:12)\n    at new model (C:\\Users\\Euan Kai\\Desktop\\FS Project 1\\Drems_node\\node_modules\\mongoose\\lib\\model.js:4490:15)\n    at C:\\Users\\Euan Kai\\Desktop\\FS Project 1\\Drems_node\\routes\\payments.js:66:17\n    at processTicksAndRejections (node:internal/process/task_queues:96:5)"}
{"_message":"Payment validation failed","errors":{"company":{"kind":"ObjectId","message":"Cast to ObjectId failed for value \"\" (type string) at path \"company\" because of \"BSONError\"","name":"CastError","path":"company","reason":{},"stringValue":"\"\"","value":"","valueType":"string"}},"level":"error","message":"Payment validation failed: company: Cast to ObjectId failed for value \"\" (type string) at path \"company\" because of \"BSONError\" Payment validation failed: company: Cast to ObjectId failed for value \"\" (type string) at path \"company\" because of \"BSONError\"","stack":"ValidationError: Payment validation failed: company: Cast to ObjectId failed for value \"\" (type string) at path \"company\" because of \"BSONError\"\n    at model.Document.invalidate (C:\\Users\\Euan Kai\\Desktop\\FS Project 1\\Drems_node\\node_modules\\mongoose\\lib\\document.js:3087:32)\n    at model.$set (C:\\Users\\Euan Kai\\Desktop\\FS Project 1\\Drems_node\\node_modules\\mongoose\\lib\\document.js:1428:12)\n    at model.$set (C:\\Users\\Euan Kai\\Desktop\\FS Project 1\\Drems_node\\node_modules\\mongoose\\lib\\document.js:1111:16)\n    at model.Document (C:\\Users\\Euan Kai\\Desktop\\FS Project 1\\Drems_node\\node_modules\\mongoose\\lib\\document.js:164:12)\n    at model.Model (C:\\Users\\Euan Kai\\Desktop\\FS Project 1\\Drems_node\\node_modules\\mongoose\\lib\\model.js:121:12)\n    at new model (C:\\Users\\Euan Kai\\Desktop\\FS Project 1\\Drems_node\\node_modules\\mongoose\\lib\\model.js:4490:15)\n    at C:\\Users\\Euan Kai\\Desktop\\FS Project 1\\Drems_node\\routes\\payments.js:66:17\n    at processTicksAndRejections (node:internal/process/task_queues:96:5)"}
{"level":"info","message":"Listening on port 3000..."}
{"level":"info","message":"Connected to mongodb://localhost/Drems..."}
{"level":"info","message":"Listening on port 3000..."}
{"level":"info","message":"Connected to mongodb://localhost/Drems..."}
{"body":"{\r\n\"dentist\":\"64abd04bd65ebcba56e97d55\",\r\n\"mop\":\"Cash\",\r\n\"treatment\":{\r\n    \"patient\":\"64abd3aed65ebcba56e97ddf\",\r\n    \"teeth\":\"3\",\r\n    \"procedure\":{\r\n        \"name\":\"Cleaning\",\r\n        \"amount\":\"500\"\r\n    }\r\n},\r\n\"date\":\"2023/05/12\",\r\n\"handledby\":\"64abd235d65ebcba56e97dc2\",\r\n}","expose":true,"level":"error","message":"Unexpected token } in JSON at position 278 Unexpected token } in JSON at position 278","stack":"SyntaxError: Unexpected token } in JSON at position 278\n    at JSON.parse (<anonymous>)\n    at parse (C:\\Users\\Euan Kai\\Desktop\\FS Project 1\\Drems_node\\node_modules\\body-parser\\lib\\types\\json.js:89:19)\n    at C:\\Users\\Euan Kai\\Desktop\\FS Project 1\\Drems_node\\node_modules\\body-parser\\lib\\read.js:128:18\n    at AsyncResource.runInAsyncScope (node:async_hooks:202:9)\n    at invokeCallback (C:\\Users\\Euan Kai\\Desktop\\FS Project 1\\Drems_node\\node_modules\\raw-body\\index.js:231:16)\n    at done (C:\\Users\\Euan Kai\\Desktop\\FS Project 1\\Drems_node\\node_modules\\raw-body\\index.js:220:7)\n    at IncomingMessage.onEnd (C:\\Users\\Euan Kai\\Desktop\\FS Project 1\\Drems_node\\node_modules\\raw-body\\index.js:280:7)\n    at IncomingMessage.emit (node:events:539:35)\n    at endReadableNT (node:internal/streams/readable:1345:12)\n    at processTicksAndRejections (node:internal/process/task_queues:83:21)","status":400,"statusCode":400,"type":"entity.parse.failed"}
{"body":"{\r\n\"dentist\":\"64abd04bd65ebcba56e97d55\",\r\n\"mop\":\"Cash\",\r\n\"treatment\":{\r\n    \"patient\":\"64abd3aed65ebcba56e97ddf\",\r\n    \"teeth\":\"3\",\r\n    \"procedure\":{\r\n        \"name\":\"Cleaning\",\r\n        \"amount\":\"500\"\r\n    }\r\n},\r\n\"date\":\"2023/05/12\",\r\n\"handledby\":\"64abd235d65ebcba56e97dc2\",\r\n}","expose":true,"level":"error","message":"Unexpected token } in JSON at position 278 Unexpected token } in JSON at position 278","stack":"SyntaxError: Unexpected token } in JSON at position 278\n    at JSON.parse (<anonymous>)\n    at parse (C:\\Users\\Euan Kai\\Desktop\\FS Project 1\\Drems_node\\node_modules\\body-parser\\lib\\types\\json.js:89:19)\n    at C:\\Users\\Euan Kai\\Desktop\\FS Project 1\\Drems_node\\node_modules\\body-parser\\lib\\read.js:128:18\n    at AsyncResource.runInAsyncScope (node:async_hooks:202:9)\n    at invokeCallback (C:\\Users\\Euan Kai\\Desktop\\FS Project 1\\Drems_node\\node_modules\\raw-body\\index.js:231:16)\n    at done (C:\\Users\\Euan Kai\\Desktop\\FS Project 1\\Drems_node\\node_modules\\raw-body\\index.js:220:7)\n    at IncomingMessage.onEnd (C:\\Users\\Euan Kai\\Desktop\\FS Project 1\\Drems_node\\node_modules\\raw-body\\index.js:280:7)\n    at IncomingMessage.emit (node:events:539:35)\n    at endReadableNT (node:internal/streams/readable:1345:12)\n    at processTicksAndRejections (node:internal/process/task_queues:83:21)","status":400,"statusCode":400,"type":"entity.parse.failed"}
{"body":"{\r\n\"mop\":\"Cash\",\r\n\"treatment\":{\r\n    \"patient\":\"64abd3aed65ebcba56e97ddf\",\r\n    \"teeth\":\"3\",\r\n    \"procedure\":{\r\n        \"name\":\"Cleaning\",\r\n        \"amount\":\"500\"\r\n    }\r\n},\r\n\"date\":\"2023/05/12\",\r\n\"handledby\":\"64abd235d65ebcba56e97dc2\",\r\n}","expose":true,"level":"error","message":"Unexpected token } in JSON at position 239 Unexpected token } in JSON at position 239","stack":"SyntaxError: Unexpected token } in JSON at position 239\n    at JSON.parse (<anonymous>)\n    at parse (C:\\Users\\Euan Kai\\Desktop\\FS Project 1\\Drems_node\\node_modules\\body-parser\\lib\\types\\json.js:89:19)\n    at C:\\Users\\Euan Kai\\Desktop\\FS Project 1\\Drems_node\\node_modules\\body-parser\\lib\\read.js:128:18\n    at AsyncResource.runInAsyncScope (node:async_hooks:202:9)\n    at invokeCallback (C:\\Users\\Euan Kai\\Desktop\\FS Project 1\\Drems_node\\node_modules\\raw-body\\index.js:231:16)\n    at done (C:\\Users\\Euan Kai\\Desktop\\FS Project 1\\Drems_node\\node_modules\\raw-body\\index.js:220:7)\n    at IncomingMessage.onEnd (C:\\Users\\Euan Kai\\Desktop\\FS Project 1\\Drems_node\\node_modules\\raw-body\\index.js:280:7)\n    at IncomingMessage.emit (node:events:539:35)\n    at endReadableNT (node:internal/streams/readable:1345:12)\n    at processTicksAndRejections (node:internal/process/task_queues:83:21)","status":400,"statusCode":400,"type":"entity.parse.failed"}
{"level":"info","message":"Listening on port 3000..."}
{"level":"info","message":"Connected to mongodb://localhost/Drems..."}
{"body":"{\r\n\"mop\":\"Cash\",\r\n\"treatment\":{\r\n    \"patient\":\"64abd3aed65ebcba56e97ddf\",\r\n    \"teeth\":\"3\",\r\n    \"procedure\":{\r\n        \"name\":\"Cleaning\",\r\n        \"amount\":\"500\"\r\n    }\r\n},\r\n\"date\":\"2023/05/12\",\r\n\"handledby\":\"64abd235d65ebcba56e97dc2\",\r\n}","expose":true,"level":"error","message":"Unexpected token } in JSON at position 239 Unexpected token } in JSON at position 239","stack":"SyntaxError: Unexpected token } in JSON at position 239\n    at JSON.parse (<anonymous>)\n    at parse (C:\\Users\\Euan Kai\\Desktop\\FS Project 1\\Drems_node\\node_modules\\body-parser\\lib\\types\\json.js:89:19)\n    at C:\\Users\\Euan Kai\\Desktop\\FS Project 1\\Drems_node\\node_modules\\body-parser\\lib\\read.js:128:18\n    at AsyncResource.runInAsyncScope (node:async_hooks:202:9)\n    at invokeCallback (C:\\Users\\Euan Kai\\Desktop\\FS Project 1\\Drems_node\\node_modules\\raw-body\\index.js:231:16)\n    at done (C:\\Users\\Euan Kai\\Desktop\\FS Project 1\\Drems_node\\node_modules\\raw-body\\index.js:220:7)\n    at IncomingMessage.onEnd (C:\\Users\\Euan Kai\\Desktop\\FS Project 1\\Drems_node\\node_modules\\raw-body\\index.js:280:7)\n    at IncomingMessage.emit (node:events:539:35)\n    at endReadableNT (node:internal/streams/readable:1345:12)\n    at processTicksAndRejections (node:internal/process/task_queues:83:21)","status":400,"statusCode":400,"type":"entity.parse.failed"}
{"kind":"ObjectId","level":"error","message":"Cast to ObjectId failed for value \"{\n  patient: '64abd3aed65ebcba56e97ddf',\n  teeth: '3',\n  procedure: { name: 'Cleaning', amount: '500' }\n}\" (type Object) at path \"_id\" for model \"TreatmentRecord\" Cast to ObjectId failed for value \"{\n  patient: '64abd3aed65ebcba56e97ddf',\n  teeth: '3',\n  procedure: { name: 'Cleaning', amount: '500' }\n}\" (type Object) at path \"_id\" for model \"TreatmentRecord\"","path":"_id","reason":{},"stack":"CastError: Cast to ObjectId failed for value \"{\n  patient: '64abd3aed65ebcba56e97ddf',\n  teeth: '3',\n  procedure: { name: 'Cleaning', amount: '500' }\n}\" (type Object) at path \"_id\" for model \"TreatmentRecord\"\n    at ObjectId.cast (C:\\Users\\Euan Kai\\Desktop\\FS Project 1\\Drems_node\\node_modules\\mongoose\\lib\\schema\\objectid.js:248:11)\n    at ObjectId.SchemaType.applySetters (C:\\Users\\Euan Kai\\Desktop\\FS Project 1\\Drems_node\\node_modules\\mongoose\\lib\\schematype.js:1202:12)\n    at ObjectId.SchemaType.castForQuery (C:\\Users\\Euan Kai\\Desktop\\FS Project 1\\Drems_node\\node_modules\\mongoose\\lib\\schematype.js:1613:15)\n    at cast (C:\\Users\\Euan Kai\\Desktop\\FS Project 1\\Drems_node\\node_modules\\mongoose\\lib\\cast.js:290:34)\n    at model.Query.Query.cast (C:\\Users\\Euan Kai\\Desktop\\FS Project 1\\Drems_node\\node_modules\\mongoose\\lib\\query.js:4791:12)\n    at model.Query.Query._castConditions (C:\\Users\\Euan Kai\\Desktop\\FS Project 1\\Drems_node\\node_modules\\mongoose\\lib\\query.js:2177:10)\n    at model.Query._findOne (C:\\Users\\Euan Kai\\Desktop\\FS Project 1\\Drems_node\\node_modules\\mongoose\\lib\\query.js:2465:8)\n    at model.Query.exec (C:\\Users\\Euan Kai\\Desktop\\FS Project 1\\Drems_node\\node_modules\\mongoose\\lib\\query.js:4321:28)\n    at processTicksAndRejections (node:internal/process/task_queues:96:5)\n    at async C:\\Users\\Euan Kai\\Desktop\\FS Project 1\\Drems_node\\routes\\payments.js:60:21","stringValue":"\"{\n  patient: '64abd3aed65ebcba56e97ddf',\n  teeth: '3',\n  procedure: { name: 'Cleaning', amount: '500' }\n}\"","value":{"patient":"64abd3aed65ebcba56e97ddf","procedure":{"amount":"500","name":"Cleaning"},"teeth":"3"},"valueType":"Object"}
{"level":"info","message":"Listening on port 3000..."}
{"level":"info","message":"Connected to mongodb://localhost/Drems..."}
{"kind":"ObjectId","level":"error","message":"Cast to ObjectId failed for value \"{\n  patient: '64abd3aed65ebcba56e97ddf',\n  teeth: '3',\n  procedure: { name: 'Cleaning', amount: '500' }\n}\" (type Object) at path \"_id\" for model \"TreatmentRecord\" Cast to ObjectId failed for value \"{\n  patient: '64abd3aed65ebcba56e97ddf',\n  teeth: '3',\n  procedure: { name: 'Cleaning', amount: '500' }\n}\" (type Object) at path \"_id\" for model \"TreatmentRecord\"","path":"_id","reason":{},"stack":"CastError: Cast to ObjectId failed for value \"{\n  patient: '64abd3aed65ebcba56e97ddf',\n  teeth: '3',\n  procedure: { name: 'Cleaning', amount: '500' }\n}\" (type Object) at path \"_id\" for model \"TreatmentRecord\"\n    at ObjectId.cast (C:\\Users\\Euan Kai\\Desktop\\FS Project 1\\Drems_node\\node_modules\\mongoose\\lib\\schema\\objectid.js:248:11)\n    at ObjectId.SchemaType.applySetters (C:\\Users\\Euan Kai\\Desktop\\FS Project 1\\Drems_node\\node_modules\\mongoose\\lib\\schematype.js:1202:12)\n    at ObjectId.SchemaType.castForQuery (C:\\Users\\Euan Kai\\Desktop\\FS Project 1\\Drems_node\\node_modules\\mongoose\\lib\\schematype.js:1613:15)\n    at cast (C:\\Users\\Euan Kai\\Desktop\\FS Project 1\\Drems_node\\node_modules\\mongoose\\lib\\cast.js:290:34)\n    at model.Query.Query.cast (C:\\Users\\Euan Kai\\Desktop\\FS Project 1\\Drems_node\\node_modules\\mongoose\\lib\\query.js:4791:12)\n    at model.Query.Query._castConditions (C:\\Users\\Euan Kai\\Desktop\\FS Project 1\\Drems_node\\node_modules\\mongoose\\lib\\query.js:2177:10)\n    at model.Query._findOne (C:\\Users\\Euan Kai\\Desktop\\FS Project 1\\Drems_node\\node_modules\\mongoose\\lib\\query.js:2465:8)\n    at model.Query.exec (C:\\Users\\Euan Kai\\Desktop\\FS Project 1\\Drems_node\\node_modules\\mongoose\\lib\\query.js:4321:28)\n    at processTicksAndRejections (node:internal/process/task_queues:96:5)\n    at async C:\\Users\\Euan Kai\\Desktop\\FS Project 1\\Drems_node\\routes\\payments.js:60:21","stringValue":"\"{\n  patient: '64abd3aed65ebcba56e97ddf',\n  teeth: '3',\n  procedure: { name: 'Cleaning', amount: '500' }\n}\"","value":{"patient":"64abd3aed65ebcba56e97ddf","procedure":{"amount":"500","name":"Cleaning"},"teeth":"3"},"valueType":"Object"}
{"body":"{\r\n\"mop\":\"Cash\",\r\n\"treatment\":\"64acff7f26ea72b260678471\",\r\n\"date\":\"2023/05/12\",\r\n\"handledby\":\"64abd235d65ebcba56e97dc2\"\r\n\"company\":\"\"\r\n}","expose":true,"level":"error","message":"Unexpected string in JSON at position 121 Unexpected string in JSON at position 121","stack":"SyntaxError: Unexpected string in JSON at position 121\n    at JSON.parse (<anonymous>)\n    at parse (C:\\Users\\Euan Kai\\Desktop\\FS Project 1\\Drems_node\\node_modules\\body-parser\\lib\\types\\json.js:89:19)\n    at C:\\Users\\Euan Kai\\Desktop\\FS Project 1\\Drems_node\\node_modules\\body-parser\\lib\\read.js:128:18\n    at AsyncResource.runInAsyncScope (node:async_hooks:202:9)\n    at invokeCallback (C:\\Users\\Euan Kai\\Desktop\\FS Project 1\\Drems_node\\node_modules\\raw-body\\index.js:231:16)\n    at done (C:\\Users\\Euan Kai\\Desktop\\FS Project 1\\Drems_node\\node_modules\\raw-body\\index.js:220:7)\n    at IncomingMessage.onEnd (C:\\Users\\Euan Kai\\Desktop\\FS Project 1\\Drems_node\\node_modules\\raw-body\\index.js:280:7)\n    at IncomingMessage.emit (node:events:539:35)\n    at endReadableNT (node:internal/streams/readable:1345:12)\n    at processTicksAndRejections (node:internal/process/task_queues:83:21)","status":400,"statusCode":400,"type":"entity.parse.failed"}
{"_message":"Payment validation failed","errors":{"company":{"kind":"ObjectId","message":"Cast to ObjectId failed for value \"\" (type string) at path \"company\" because of \"BSONError\"","name":"CastError","path":"company","reason":{},"stringValue":"\"\"","value":"","valueType":"string"}},"level":"error","message":"Payment validation failed: company: Cast to ObjectId failed for value \"\" (type string) at path \"company\" because of \"BSONError\" Payment validation failed: company: Cast to ObjectId failed for value \"\" (type string) at path \"company\" because of \"BSONError\"","stack":"ValidationError: Payment validation failed: company: Cast to ObjectId failed for value \"\" (type string) at path \"company\" because of \"BSONError\"\n    at model.Document.invalidate (C:\\Users\\Euan Kai\\Desktop\\FS Project 1\\Drems_node\\node_modules\\mongoose\\lib\\document.js:3087:32)\n    at model.$set (C:\\Users\\Euan Kai\\Desktop\\FS Project 1\\Drems_node\\node_modules\\mongoose\\lib\\document.js:1428:12)\n    at model.$set (C:\\Users\\Euan Kai\\Desktop\\FS Project 1\\Drems_node\\node_modules\\mongoose\\lib\\document.js:1111:16)\n    at model.Document (C:\\Users\\Euan Kai\\Desktop\\FS Project 1\\Drems_node\\node_modules\\mongoose\\lib\\document.js:164:12)\n    at model.Model (C:\\Users\\Euan Kai\\Desktop\\FS Project 1\\Drems_node\\node_modules\\mongoose\\lib\\model.js:121:12)\n    at new model (C:\\Users\\Euan Kai\\Desktop\\FS Project 1\\Drems_node\\node_modules\\mongoose\\lib\\model.js:4490:15)\n    at C:\\Users\\Euan Kai\\Desktop\\FS Project 1\\Drems_node\\routes\\payments.js:66:17\n    at processTicksAndRejections (node:internal/process/task_queues:96:5)"}
{"level":"info","message":"Listening on port 3000..."}
{"level":"info","message":"Connected to mongodb://localhost/Drems..."}
{"_message":"Payment validation failed","errors":{"company":{"kind":"ObjectId","message":"Cast to ObjectId failed for value \"\" (type string) at path \"company\" because of \"BSONError\"","name":"CastError","path":"company","reason":{},"stringValue":"\"\"","value":"","valueType":"string"}},"level":"error","message":"Payment validation failed: company: Cast to ObjectId failed for value \"\" (type string) at path \"company\" because of \"BSONError\" Payment validation failed: company: Cast to ObjectId failed for value \"\" (type string) at path \"company\" because of \"BSONError\"","stack":"ValidationError: Payment validation failed: company: Cast to ObjectId failed for value \"\" (type string) at path \"company\" because of \"BSONError\"\n    at model.Document.invalidate (C:\\Users\\Euan Kai\\Desktop\\FS Project 1\\Drems_node\\node_modules\\mongoose\\lib\\document.js:3087:32)\n    at model.$set (C:\\Users\\Euan Kai\\Desktop\\FS Project 1\\Drems_node\\node_modules\\mongoose\\lib\\document.js:1428:12)\n    at model.$set (C:\\Users\\Euan Kai\\Desktop\\FS Project 1\\Drems_node\\node_modules\\mongoose\\lib\\document.js:1111:16)\n    at model.Document (C:\\Users\\Euan Kai\\Desktop\\FS Project 1\\Drems_node\\node_modules\\mongoose\\lib\\document.js:164:12)\n    at model.Model (C:\\Users\\Euan Kai\\Desktop\\FS Project 1\\Drems_node\\node_modules\\mongoose\\lib\\model.js:121:12)\n    at new model (C:\\Users\\Euan Kai\\Desktop\\FS Project 1\\Drems_node\\node_modules\\mongoose\\lib\\model.js:4490:15)\n    at C:\\Users\\Euan Kai\\Desktop\\FS Project 1\\Drems_node\\routes\\payments.js:66:17\n    at processTicksAndRejections (node:internal/process/task_queues:96:5)"}
{"level":"info","message":"Listening on port 3000..."}
{"level":"info","message":"Connected to mongodb://localhost/Drems..."}
{"level":"info","message":"Listening on port 3000..."}
{"level":"info","message":"Connected to mongodb://localhost/Drems..."}
{"level":"info","message":"Listening on port 3000..."}
{"level":"info","message":"Connected to mongodb://localhost/Drems..."}
{"level":"info","message":"Listening on port 3000..."}
{"level":"info","message":"Connected to mongodb://localhost/Drems..."}
{"level":"info","message":"Listening on port 3000..."}
{"level":"info","message":"Connected to mongodb://localhost/Drems..."}
{"level":"info","message":"Listening on port 3000..."}
{"level":"info","message":"Connected to mongodb://localhost/Drems..."}
{"level":"error","message":"FATAL ERROR: jwtPrivateKey not Defined FATAL ERROR: jwtPrivateKey not Defined","stack":"Error: FATAL ERROR: jwtPrivateKey not Defined\n    at module.exports (C:\\Users\\Euan Kai\\Desktop\\FS Project 1\\Drems_node\\start\\config.js:6:15)\n    at Object.<anonymous> (C:\\Users\\Euan Kai\\Desktop\\FS Project 1\\Drems_node\\index.js:11:26)\n    at Module._compile (node:internal/modules/cjs/loader:1105:14)\n    at Object.Module._extensions..js (node:internal/modules/cjs/loader:1159:10)\n    at Module.load (node:internal/modules/cjs/loader:981:32)\n    at Function.Module._load (node:internal/modules/cjs/loader:822:12)\n    at Function.executeUserEntryPoint [as runMain] (node:internal/modules/run_main:77:12)\n    at node:internal/main/run_main_module:17:47"}
{"level":"info","message":"Connected to mongodb://localhost/Drems..."}
{"level":"info","message":"Listening on port 3000..."}
{"level":"info","message":"Connected to mongodb://localhost/Drems..."}
{"level":"info","message":"Listening on port 3000..."}
{"level":"info","message":"Connected to mongodb://localhost/Drems..."}
{"level":"info","message":"Listening on port 3000..."}
{"level":"info","message":"Connected to mongodb://localhost/Drems..."}
{"level":"info","message":"Listening on port 3000..."}
{"level":"info","message":"Connected to mongodb://localhost/Drems..."}
{"level":"info","message":"Listening on port 3000..."}
{"level":"info","message":"Connected to mongodb://localhost/Drems..."}
